# JRE version: OpenJDK Runtime Environment (8.0_362-b08) (build 1.8.0_362-b08)
# Java VM: OpenJDK 64-Bit Server VM (25.362-b08 mixed mode bsd-amd64 compressed oops)
Heap:
 PSYoungGen      total 31232K, used 1597K [0x0000000795580000, 0x0000000797c00000, 0x00000007c0000000)
  eden space 24064K, 2% used [0x0000000795580000,0x000000079561f7d0,0x0000000796d00000)
  from space 7168K, 13% used [0x0000000797500000,0x00000007975f0020,0x0000000797c00000)
  to   space 7680K, 0% used [0x0000000796d00000,0x0000000796d00000,0x0000000797480000)
 ParOldGen       total 87552K, used 19919K [0x0000000740000000, 0x0000000745580000, 0x0000000795580000)
  object space 87552K, 22% used [0x0000000740000000,0x0000000741373dc8,0x0000000745580000)
 Metaspace       used 16715K, capacity 17492K, committed 17792K, reserved 1064960K
  class space    used 2155K, capacity 2366K, committed 2432K, reserved 1048576K
GC Heap History (10 events):
Event: 89.263 GC heap before
{Heap before GC invocations=22 (full 0):
 PSYoungGen      total 25088K, used 24768K [0x0000000795580000, 0x0000000797f80000, 0x00000007c0000000)
  eden space 24576K, 100% used [0x0000000795580000,0x0000000796d80000,0x0000000796d80000)
  from space 512K, 37% used [0x0000000796e00000,0x0000000796e30000,0x0000000796e80000)
  to   space 9216K, 0% used [0x0000000797680000,0x0000000797680000,0x0000000797f80000)
 ParOldGen       total 87552K, used 16532K [0x0000000740000000, 0x0000000745580000, 0x0000000795580000)
  object space 87552K, 18% used [0x0000000740000000,0x0000000741025168,0x0000000745580000)
 Metaspace       used 14402K, capacity 14982K, committed 15232K, reserved 1062912K
  class space    used 1718K, capacity 1869K, committed 1920K, reserved 1048576K
Event: 89.265 GC heap after
Heap after GC invocations=22 (full 0):
 PSYoungGen      total 31744K, used 224K [0x0000000795580000, 0x0000000797e00000, 0x00000007c0000000)
  eden space 24064K, 0% used [0x0000000795580000,0x0000000795580000,0x0000000796d00000)
  from space 7680K, 2% used [0x0000000797680000,0x00000007976b8000,0x0000000797e00000)
  to   space 8704K, 0% used [0x0000000796d00000,0x0000000796d00000,0x0000000797580000)
 ParOldGen       total 87552K, used 16548K [0x0000000740000000, 0x0000000745580000, 0x0000000795580000)
  object space 87552K, 18% used [0x0000000740000000,0x0000000741029168,0x0000000745580000)
 Metaspace       used 14402K, capacity 14982K, committed 15232K, reserved 1062912K
  class space    used 1718K, capacity 1869K, committed 1920K, reserved 1048576K
}
Event: 91.630 GC heap before
{Heap before GC invocations=23 (full 0):
 PSYoungGen      total 31744K, used 24288K [0x0000000795580000, 0x0000000797e00000, 0x00000007c0000000)
  eden space 24064K, 100% used [0x0000000795580000,0x0000000796d00000,0x0000000796d00000)
  from space 7680K, 2% used [0x0000000797680000,0x00000007976b8000,0x0000000797e00000)
  to   space 8704K, 0% used [0x0000000796d00000,0x0000000796d00000,0x0000000797580000)
 ParOldGen       total 87552K, used 16548K [0x0000000740000000, 0x0000000745580000, 0x0000000795580000)
  object space 87552K, 18% used [0x0000000740000000,0x0000000741029168,0x0000000745580000)
 Metaspace       used 16352K, capacity 17114K, committed 17152K, reserved 1064960K
  class space    used 2101K, capacity 2295K, committed 2304K, reserved 1048576K
Event: 91.633 GC heap after
Heap after GC invocations=23 (full 0):
 PSYoungGen      total 32768K, used 4424K [0x0000000795580000, 0x0000000797f00000, 0x00000007c0000000)
  eden space 24064K, 0% used [0x0000000795580000,0x0000000795580000,0x0000000796d00000)
  from space 8704K, 50% used [0x0000000796d00000,0x0000000797152090,0x0000000797580000)
  to   space 9216K, 0% used [0x0000000797600000,0x0000000797600000,0x0000000797f00000)
 ParOldGen       total 87552K, used 16572K [0x0000000740000000, 0x0000000745580000, 0x0000000795580000)
  object space 87552K, 18% used [0x0000000740000000,0x000000074102f168,0x0000000745580000)
 Metaspace       used 16352K, capacity 17114K, committed 17152K, reserved 1064960K
  class space    used 2101K, capacity 2295K, committed 2304K, reserved 1048576K
}
Event: 95.296 GC heap before
{Heap before GC invocations=24 (full 0):
 PSYoungGen      total 32768K, used 28488K [0x0000000795580000, 0x0000000797f00000, 0x00000007c0000000)
  eden space 24064K, 100% used [0x0000000795580000,0x0000000796d00000,0x0000000796d00000)
  from space 8704K, 50% used [0x0000000796d00000,0x0000000797152090,0x0000000797580000)
  to   space 9216K, 0% used [0x0000000797600000,0x0000000797600000,0x0000000797f00000)
 ParOldGen       total 87552K, used 16572K [0x0000000740000000, 0x0000000745580000, 0x0000000795580000)
  object space 87552K, 18% used [0x0000000740000000,0x000000074102f168,0x0000000745580000)
 Metaspace       used 16367K, capacity 17122K, committed 17152K, reserved 1064960K
  class space    used 2103K, capacity 2295K, committed 2304K, reserved 1048576K
Event: 95.300 GC heap after
Heap after GC invocations=24 (full 0):
 PSYoungGen      total 32256K, used 224K [0x0000000795580000, 0x0000000797e00000, 0x00000007c0000000)
  eden space 24064K, 0% used [0x0000000795580000,0x0000000795580000,0x0000000796d00000)
  from space 8192K, 2% used [0x0000000797600000,0x0000000797638000,0x0000000797e00000)
  to   space 8704K, 0% used [0x0000000796d00000,0x0000000796d00000,0x0000000797580000)
 ParOldGen       total 87552K, used 19598K [0x0000000740000000, 0x0000000745580000, 0x0000000795580000)
  object space 87552K, 22% used [0x0000000740000000,0x0000000741323818,0x0000000745580000)
 Metaspace       used 16367K, capacity 17122K, committed 17152K, reserved 1064960K
  class space    used 2103K, capacity 2295K, committed 2304K, reserved 1048576K
}
Event: 98.520 GC heap before
{Heap before GC invocations=25 (full 0):
 PSYoungGen      total 32256K, used 24288K [0x0000000795580000, 0x0000000797e00000, 0x00000007c0000000)
  eden space 24064K, 100% used [0x0000000795580000,0x0000000796d00000,0x0000000796d00000)
  from space 8192K, 2% used [0x0000000797600000,0x0000000797638000,0x0000000797e00000)
  to   space 8704K, 0% used [0x0000000796d00000,0x0000000796d00000,0x0000000797580000)
 ParOldGen       total 87552K, used 19598K [0x0000000740000000, 0x0000000745580000, 0x0000000795580000)
  object space 87552K, 22% used [0x0000000740000000,0x0000000741323818,0x0000000745580000)
 Metaspace       used 16568K, capacity 17328K, committed 17536K, reserved 1064960K
  class space    used 2134K, capacity 2334K, committed 2432K, reserved 1048576K
Event: 98.522 GC heap after
Heap after GC invocations=25 (full 0):
 PSYoungGen      total 25088K, used 640K [0x0000000795580000, 0x0000000797d00000, 0x00000007c0000000)
  eden space 24064K, 0% used [0x0000000795580000,0x0000000795580000,0x0000000796d00000)
  from space 1024K, 62% used [0x0000000796d00000,0x0000000796da0000,0x0000000796e00000)
  to   space 8192K, 0% used [0x0000000797500000,0x0000000797500000,0x0000000797d00000)
 ParOldGen       total 87552K, used 19630K [0x0000000740000000, 0x0000000745580000, 0x0000000795580000)
  object space 87552K, 22% used [0x0000000740000000,0x000000074132b818,0x0000000745580000)
 Metaspace       used 16568K, capacity 17328K, committed 17536K, reserved 1064960K
  class space    used 2134K, capacity 2334K, committed 2432K, reserved 1048576K
}
Event: 101.646 GC heap before
{Heap before GC invocations=26 (full 0):
 PSYoungGen      total 25088K, used 24704K [0x0000000795580000, 0x0000000797d00000, 0x00000007c0000000)
  eden space 24064K, 100% used [0x0000000795580000,0x0000000796d00000,0x0000000796d00000)
  from space 1024K, 62% used [0x0000000796d00000,0x0000000796da0000,0x0000000796e00000)
  to   space 8192K, 0% used [0x0000000797500000,0x0000000797500000,0x0000000797d00000)
 ParOldGen       total 87552K, used 19630K [0x0000000740000000, 0x0000000745580000, 0x0000000795580000)
  object space 87552K, 22% used [0x0000000740000000,0x000000074132b818,0x0000000745580000)
 Metaspace       used 16711K, capacity 17428K, committed 17536K, reserved 1064960K
  class space    used 2155K, capacity 2366K, committed 2432K, reserved 1048576K
Event: 101.648 GC heap after
Heap after GC invocations=26 (full 0):
 PSYoungGen      total 31232K, used 960K [0x0000000795580000, 0x0000000797c00000, 0x00000007c0000000)
  eden space 24064K, 0% used [0x0000000795580000,0x0000000795580000,0x0000000796d00000)
  from space 7168K, 13% used [0x0000000797500000,0x00000007975f0020,0x0000000797c00000)
  to   space 7680K, 0% used [0x0000000796d00000,0x0000000796d00000,0x0000000797480000)
 ParOldGen       total 87552K, used 19919K [0x0000000740000000, 0x0000000745580000, 0x0000000795580000)
  object space 87552K, 22% used [0x0000000740000000,0x0000000741373dc8,0x0000000745580000)
 Metaspace       used 16711K, capacity 17428K, committed 17536K, reserved 1064960K
  class space    used 2155K, capacity 2366K, committed 2432K, reserved 1048576K
}

